Arguments: 
  /home/michael/.nvm/versions/node/v12.22.10/bin/node /home/michael/.nvm/versions/node/v12.22.10/bin/yarn add tscwatch

PATH: 
  /home/michael/.nvm/versions/node/v12.22.10/bin:/home/michael/anaconda3/bin:/home/michael/anaconda3/condabin:/usr/local/sbin:/usr/local/bin:/usr/sbin:/usr/bin:/sbin:/bin:/usr/games:/usr/local/games:/usr/lib/wsl/lib:/mnt/c/Program Files (x86)/Common Files/Oracle/Java/javapath:/mnt/c/Program Files (x86)/NetSarang/Xftp 6:/mnt/c/Program Files (x86)/NetSarang/Xshell 6:/mnt/c/Program Files/Microsoft MPI/Bin:/mnt/c/Program Files/NVIDIA GPU Computing Toolkit/CUDA/v10.0/bin:/mnt/c/Program Files/NVIDIA GPU Computing Toolkit/CUDA/v10.0/libnvvp:/mnt/c/Windows/system32:/mnt/c/Windows:/mnt/c/Windows/System32/Wbem:/mnt/c/Windows/System32/WindowsPowerShell/v1.0:/mnt/c/Windows/System32/OpenSSH:/mnt/c/Program Files/dotnet:/mnt/c/Program Files/Microsoft SQL Server/130/Tools/Binn:/mnt/c/Program Files/Microsoft SQL Server/Client SDK/ODBC/170/Tools/Binn:/mnt/c/Program Files (x86)/NVIDIA Corporation/PhysX/Common:/mnt/c/Users/kimh0/.dnx/bin:/mnt/c/Program Files/Microsoft DNX/Dnvm:/mnt/c/Program Files/MATLAB/R2019b/runtime/win64:/mnt/c/Program Files/MATLAB/R2019b/bin:/mnt/c/Program Files/Git/cmd:/mnt/c/Program Files/PuTTY:/mnt/c/WINDOWS/system32:/mnt/c/WINDOWS:/mnt/c/WINDOWS/System32/Wbem:/mnt/c/WINDOWS/System32/WindowsPowerShell/v1.0:/mnt/c/WINDOWS/System32/OpenSSH:/mnt/c/Program Files/Docker/Docker/resources/bin:/mnt/c/ProgramData/DockerDesktop/version-bin:/mnt/c/Users/kimh0/AppData/Local/Programs/Python/Python36/Scripts:/mnt/c/Users/kimh0/AppData/Local/Programs/Python/Python36:/mnt/c/Users/kimh0/Anaconda3:/mnt/c/Users/kimh0/Anaconda3/Library/mingw-w64/bin:/mnt/c/Users/kimh0/Anaconda3/Library/usr/bin:/mnt/c/Users/kimh0/Anaconda3/Library/bin:/mnt/c/Users/kimh0/Anaconda3/Scripts:/mnt/c/Users/kimh0/AppData/Local/Microsoft/WindowsApps:/mnt/c/Users/kimh0/AppData/Local/Programs/Microsoft VS Code/bin:/mnt/c/Users/kimh0/AppData/Local/GitHubDesktop/bin:/mnt/c/Program Files (x86)/Nmap:/mnt/c/Program Files/JetBrains/PyCharm 2020.2.2/bin:/mnt/c/Users/kimh0/AppData/Local/atom/bin:/usr/local/go/bin

Yarn version: 
  1.22.18

Node version: 
  12.22.10

Platform: 
  linux x64

Trace: 
  Error: https://registry.yarnpkg.com/tscwatch: Not found
      at Request.params.callback [as _callback] (/home/michael/.nvm/versions/node/v12.22.10/lib/node_modules/yarn/lib/cli.js:66138:18)
      at Request.self.callback (/home/michael/.nvm/versions/node/v12.22.10/lib/node_modules/yarn/lib/cli.js:140883:22)
      at Request.emit (events.js:314:20)
      at Request.<anonymous> (/home/michael/.nvm/versions/node/v12.22.10/lib/node_modules/yarn/lib/cli.js:141855:10)
      at Request.emit (events.js:314:20)
      at IncomingMessage.<anonymous> (/home/michael/.nvm/versions/node/v12.22.10/lib/node_modules/yarn/lib/cli.js:141777:12)
      at Object.onceWrapper (events.js:420:28)
      at IncomingMessage.emit (events.js:326:22)
      at endReadableNT (_stream_readable.js:1241:12)
      at processTicksAndRejections (internal/process/task_queues.js:84:21)

npm manifest: 
  {
    "name": "typescript_study",
    "version": "1.0.0",
    "description": "",
    "main": "index.js",
    "scripts": {
      "test": "echo \"Error: no test specified\" && exit 1",
      "start": "node index.js",
      "prestart": "tsc"
    },
    "repository": {
      "type": "git",
      "url": "git+https://github.com/kimh060612/typescript_study.git"
    },
    "author": "",
    "license": "ISC",
    "bugs": {
      "url": "https://github.com/kimh060612/typescript_study/issues"
    },
    "homepage": "https://github.com/kimh060612/typescript_study#readme"
  }

yarn manifest: 
  No manifest

Lockfile: 
  No lockfile
